<?xml version="1.0" encoding="UTF-8"?>
<testsuite xmlns:xsi="http://www.w3.org/2001/XMLSchema-instance" xsi:noNamespaceSchemaLocation="https://maven.apache.org/surefire/maven-surefire-plugin/xsd/surefire-test-report.xsd" name="cs.superleague.payment.integration.GetItemsIntegrationTest" time="0.085" tests="4" errors="4" skipped="0" failures="0">
  <properties>
[...]
</properties>
  <testcase name="UnitTest_testingNull_OrderID_Parameter_RequestObject" classname="cs.superleague.payment.integration.GetItemsIntegrationTest" time="0.026">
    <error message="Unable to find cs.superleague.shopping.dataclass.Item with id 123456; nested exception is javax.persistence.EntityNotFoundException: Unable to find cs.superleague.shopping.dataclass.Item with id 123456" type="org.springframework.orm.jpa.JpaObjectRetrievalFailureException">org.springframework.orm.jpa.JpaObjectRetrievalFailureException: Unable to find cs.superleague.shopping.dataclass.Item with id 123456; nested exception is javax.persistence.EntityNotFoundException: Unable to find cs.superleague.shopping.dataclass.Item with id 123456
	at cs.superleague.payment.integration.GetItemsIntegrationTest.setUp(GetItemsIntegrationTest.java:77)
Caused by: javax.persistence.EntityNotFoundException: Unable to find cs.superleague.shopping.dataclass.Item with id 123456
	at cs.superleague.payment.integration.GetItemsIntegrationTest.setUp(GetItemsIntegrationTest.java:77)
</error>
    <system-out><![CDATA[2021-08-14 14:29:06.279  INFO 21348 --- [           main] .b.t.c.SpringBootTestContextBootstrapper : Neither @ContextConfiguration nor @ContextHierarchy found for test class [cs.superleague.payment.integration.GetItemsIntegrationTest], using SpringBootContextLoader
2021-08-14 14:29:06.280  INFO 21348 --- [           main] o.s.t.c.support.AbstractContextLoader    : Could not detect default resource locations for test class [cs.superleague.payment.integration.GetItemsIntegrationTest]: no resource found for suffixes {-context.xml, Context.groovy}.
2021-08-14 14:29:06.280  INFO 21348 --- [           main] t.c.s.AnnotationConfigContextLoaderUtils : Could not detect default configuration classes for test class [cs.superleague.payment.integration.GetItemsIntegrationTest]: GetItemsIntegrationTest does not declare any static, non-private, non-final, nested classes annotated with @Configuration.
2021-08-14 14:29:06.282  INFO 21348 --- [           main] .b.t.c.SpringBootTestContextBootstrapper : Found @SpringBootConfiguration cs.superleague.Application for test class cs.superleague.payment.integration.GetItemsIntegrationTest
2021-08-14 14:29:06.284  INFO 21348 --- [           main] .b.t.c.SpringBootTestContextBootstrapper : Loaded default TestExecutionListener class names from location [META-INF/spring.factories]: [org.springframework.boot.test.mock.mockito.MockitoTestExecutionListener, org.springframework.boot.test.mock.mockito.ResetMocksTestExecutionListener, org.springframework.boot.test.autoconfigure.restdocs.RestDocsTestExecutionListener, org.springframework.boot.test.autoconfigure.web.client.MockRestServiceServerResetTestExecutionListener, org.springframework.boot.test.autoconfigure.web.servlet.MockMvcPrintOnlyOnFailureTestExecutionListener, org.springframework.boot.test.autoconfigure.web.servlet.WebDriverTestExecutionListener, org.springframework.boot.test.autoconfigure.webservices.client.MockWebServiceServerTestExecutionListener, org.springframework.test.context.web.ServletTestExecutionListener, org.springframework.test.context.support.DirtiesContextBeforeModesTestExecutionListener, org.springframework.test.context.event.ApplicationEventsTestExecutionListener, org.springframework.test.context.support.DependencyInjectionTestExecutionListener, org.springframework.test.context.support.DirtiesContextTestExecutionListener, org.springframework.test.context.transaction.TransactionalTestExecutionListener, org.springframework.test.context.jdbc.SqlScriptsTestExecutionListener, org.springframework.test.context.event.EventPublishingTestExecutionListener]
2021-08-14 14:29:06.285  INFO 21348 --- [           main] .b.t.c.SpringBootTestContextBootstrapper : Using TestExecutionListeners: [org.springframework.test.context.web.ServletTestExecutionListener@12d644a6, org.springframework.test.context.support.DirtiesContextBeforeModesTestExecutionListener@2e7e9897, org.springframework.test.context.event.ApplicationEventsTestExecutionListener@34ceabf1, org.springframework.boot.test.mock.mockito.MockitoTestExecutionListener@7c65b55b, org.springframework.boot.test.autoconfigure.SpringBootDependencyInjectionTestExecutionListener@5cb63d05, org.springframework.test.context.support.DirtiesContextTestExecutionListener@656ac24, org.springframework.test.context.transaction.TransactionalTestExecutionListener@47861e3c, org.springframework.test.context.jdbc.SqlScriptsTestExecutionListener@1618b4fa, org.springframework.test.context.event.EventPublishingTestExecutionListener@7babfd29, org.springframework.boot.test.mock.mockito.ResetMocksTestExecutionListener@482f59f4, org.springframework.boot.test.autoconfigure.restdocs.RestDocsTestExecutionListener@3f2fd933, org.springframework.boot.test.autoconfigure.web.client.MockRestServiceServerResetTestExecutionListener@6c430548, org.springframework.boot.test.autoconfigure.web.servlet.MockMvcPrintOnlyOnFailureTestExecutionListener@48a5ef5c, org.springframework.boot.test.autoconfigure.web.servlet.WebDriverTestExecutionListener@7a77ff45, org.springframework.boot.test.autoconfigure.webservices.client.MockWebServiceServerTestExecutionListener@3bd05779]
2021-08-14 14:29:06.289  INFO 21348 --- [           main] o.s.t.c.transaction.TransactionContext   : Began transaction (1) for test context [DefaultTestContext@6dbdfa38 testClass = GetItemsIntegrationTest, testInstance = cs.superleague.payment.integration.GetItemsIntegrationTest@546f0369, testMethod = UnitTest_testingNull_OrderID_Parameter_RequestObject@GetItemsIntegrationTest, testException = [null], mergedContextConfiguration = [WebMergedContextConfiguration@7066b8e6 testClass = GetItemsIntegrationTest, locations = '{}', classes = '{class cs.superleague.Application}', contextInitializerClasses = '[]', activeProfiles = '{}', propertySourceLocations = '{}', propertySourceProperties = '{org.springframework.boot.test.context.SpringBootTestContextBootstrapper=true}', contextCustomizers = set[org.springframework.boot.test.context.filter.ExcludeFilterContextCustomizer@2f74900b, org.springframework.boot.test.json.DuplicateJsonObjectContextCustomizerFactory$DuplicateJsonObjectContextCustomizer@27be17c8, org.springframework.boot.test.mock.mockito.MockitoContextCustomizer@0, org.springframework.boot.test.web.client.TestRestTemplateContextCustomizer@47768e74, org.springframework.boot.test.autoconfigure.actuate.metrics.MetricsExportContextCustomizerFactory$DisableMetricExportContextCustomizer@66deec87, org.springframework.boot.test.autoconfigure.properties.PropertyMappingContextCustomizer@0, org.springframework.boot.test.autoconfigure.web.servlet.WebDriverContextCustomizerFactory$Customizer@5befbac1, org.springframework.boot.test.context.SpringBootTestArgs@1, org.springframework.boot.test.context.SpringBootTestWebEnvironment@49438269], resourceBasePath = 'src/main/webapp', contextLoader = 'org.springframework.boot.test.context.SpringBootContextLoader', parent = [null]], attributes = map['org.springframework.test.context.web.ServletTestExecutionListener.activateListener' -> true, 'org.springframework.test.context.web.ServletTestExecutionListener.populatedRequestContextHolder' -> true, 'org.springframework.test.context.web.ServletTestExecutionListener.resetRequestContextHolder' -> true, 'org.springframework.test.context.event.ApplicationEventsTestExecutionListener.recordApplicationEvents' -> false]]; transaction manager [org.springframework.orm.jpa.JpaTransactionManager@22d7e121]; rollback [true]
2021-08-14 14:29:06.312  INFO 21348 --- [           main] o.s.t.c.transaction.TransactionContext   : Rolled back transaction for test: [DefaultTestContext@6dbdfa38 testClass = GetItemsIntegrationTest, testInstance = cs.superleague.payment.integration.GetItemsIntegrationTest@546f0369, testMethod = UnitTest_testingNull_OrderID_Parameter_RequestObject@GetItemsIntegrationTest, testException = org.springframework.orm.jpa.JpaObjectRetrievalFailureException: Unable to find cs.superleague.shopping.dataclass.Item with id 123456; nested exception is javax.persistence.EntityNotFoundException: Unable to find cs.superleague.shopping.dataclass.Item with id 123456, mergedContextConfiguration = [WebMergedContextConfiguration@7066b8e6 testClass = GetItemsIntegrationTest, locations = '{}', classes = '{class cs.superleague.Application}', contextInitializerClasses = '[]', activeProfiles = '{}', propertySourceLocations = '{}', propertySourceProperties = '{org.springframework.boot.test.context.SpringBootTestContextBootstrapper=true}', contextCustomizers = set[org.springframework.boot.test.context.filter.ExcludeFilterContextCustomizer@2f74900b, org.springframework.boot.test.json.DuplicateJsonObjectContextCustomizerFactory$DuplicateJsonObjectContextCustomizer@27be17c8, org.springframework.boot.test.mock.mockito.MockitoContextCustomizer@0, org.springframework.boot.test.web.client.TestRestTemplateContextCustomizer@47768e74, org.springframework.boot.test.autoconfigure.actuate.metrics.MetricsExportContextCustomizerFactory$DisableMetricExportContextCustomizer@66deec87, org.springframework.boot.test.autoconfigure.properties.PropertyMappingContextCustomizer@0, org.springframework.boot.test.autoconfigure.web.servlet.WebDriverContextCustomizerFactory$Customizer@5befbac1, org.springframework.boot.test.context.SpringBootTestArgs@1, org.springframework.boot.test.context.SpringBootTestWebEnvironment@49438269], resourceBasePath = 'src/main/webapp', contextLoader = 'org.springframework.boot.test.context.SpringBootContextLoader', parent = [null]], attributes = map['org.springframework.test.context.web.ServletTestExecutionListener.activateListener' -> true, 'org.springframework.test.context.web.ServletTestExecutionListener.populatedRequestContextHolder' -> true, 'org.springframework.test.context.web.ServletTestExecutionListener.resetRequestContextHolder' -> true, 'org.springframework.test.context.event.ApplicationEventsTestExecutionListener.recordApplicationEvents' -> false]]
]]></system-out>
  </testcase>
  <testcase name="UnitTest_testingNullRequestObject" classname="cs.superleague.payment.integration.GetItemsIntegrationTest" time="0.014">
    <error message="Unable to find cs.superleague.shopping.dataclass.Item with id 123456; nested exception is javax.persistence.EntityNotFoundException: Unable to find cs.superleague.shopping.dataclass.Item with id 123456" type="org.springframework.orm.jpa.JpaObjectRetrievalFailureException">org.springframework.orm.jpa.JpaObjectRetrievalFailureException: Unable to find cs.superleague.shopping.dataclass.Item with id 123456; nested exception is javax.persistence.EntityNotFoundException: Unable to find cs.superleague.shopping.dataclass.Item with id 123456
	at cs.superleague.payment.integration.GetItemsIntegrationTest.setUp(GetItemsIntegrationTest.java:77)
Caused by: javax.persistence.EntityNotFoundException: Unable to find cs.superleague.shopping.dataclass.Item with id 123456
	at cs.superleague.payment.integration.GetItemsIntegrationTest.setUp(GetItemsIntegrationTest.java:77)
</error>
    <system-out><![CDATA[2021-08-14 14:29:06.328  INFO 21348 --- [           main] o.s.t.c.transaction.TransactionContext   : Began transaction (1) for test context [DefaultTestContext@6dbdfa38 testClass = GetItemsIntegrationTest, testInstance = cs.superleague.payment.integration.GetItemsIntegrationTest@18f9745a, testMethod = UnitTest_testingNullRequestObject@GetItemsIntegrationTest, testException = [null], mergedContextConfiguration = [WebMergedContextConfiguration@7066b8e6 testClass = GetItemsIntegrationTest, locations = '{}', classes = '{class cs.superleague.Application}', contextInitializerClasses = '[]', activeProfiles = '{}', propertySourceLocations = '{}', propertySourceProperties = '{org.springframework.boot.test.context.SpringBootTestContextBootstrapper=true}', contextCustomizers = set[org.springframework.boot.test.context.filter.ExcludeFilterContextCustomizer@2f74900b, org.springframework.boot.test.json.DuplicateJsonObjectContextCustomizerFactory$DuplicateJsonObjectContextCustomizer@27be17c8, org.springframework.boot.test.mock.mockito.MockitoContextCustomizer@0, org.springframework.boot.test.web.client.TestRestTemplateContextCustomizer@47768e74, org.springframework.boot.test.autoconfigure.actuate.metrics.MetricsExportContextCustomizerFactory$DisableMetricExportContextCustomizer@66deec87, org.springframework.boot.test.autoconfigure.properties.PropertyMappingContextCustomizer@0, org.springframework.boot.test.autoconfigure.web.servlet.WebDriverContextCustomizerFactory$Customizer@5befbac1, org.springframework.boot.test.context.SpringBootTestArgs@1, org.springframework.boot.test.context.SpringBootTestWebEnvironment@49438269], resourceBasePath = 'src/main/webapp', contextLoader = 'org.springframework.boot.test.context.SpringBootContextLoader', parent = [null]], attributes = map['org.springframework.test.context.web.ServletTestExecutionListener.activateListener' -> true, 'org.springframework.test.context.web.ServletTestExecutionListener.populatedRequestContextHolder' -> true, 'org.springframework.test.context.web.ServletTestExecutionListener.resetRequestContextHolder' -> true, 'org.springframework.test.context.event.ApplicationEventsTestExecutionListener.recordApplicationEvents' -> false]]; transaction manager [org.springframework.orm.jpa.JpaTransactionManager@22d7e121]; rollback [true]
2021-08-14 14:29:06.336  INFO 21348 --- [           main] o.s.t.c.transaction.TransactionContext   : Rolled back transaction for test: [DefaultTestContext@6dbdfa38 testClass = GetItemsIntegrationTest, testInstance = cs.superleague.payment.integration.GetItemsIntegrationTest@18f9745a, testMethod = UnitTest_testingNullRequestObject@GetItemsIntegrationTest, testException = org.springframework.orm.jpa.JpaObjectRetrievalFailureException: Unable to find cs.superleague.shopping.dataclass.Item with id 123456; nested exception is javax.persistence.EntityNotFoundException: Unable to find cs.superleague.shopping.dataclass.Item with id 123456, mergedContextConfiguration = [WebMergedContextConfiguration@7066b8e6 testClass = GetItemsIntegrationTest, locations = '{}', classes = '{class cs.superleague.Application}', contextInitializerClasses = '[]', activeProfiles = '{}', propertySourceLocations = '{}', propertySourceProperties = '{org.springframework.boot.test.context.SpringBootTestContextBootstrapper=true}', contextCustomizers = set[org.springframework.boot.test.context.filter.ExcludeFilterContextCustomizer@2f74900b, org.springframework.boot.test.json.DuplicateJsonObjectContextCustomizerFactory$DuplicateJsonObjectContextCustomizer@27be17c8, org.springframework.boot.test.mock.mockito.MockitoContextCustomizer@0, org.springframework.boot.test.web.client.TestRestTemplateContextCustomizer@47768e74, org.springframework.boot.test.autoconfigure.actuate.metrics.MetricsExportContextCustomizerFactory$DisableMetricExportContextCustomizer@66deec87, org.springframework.boot.test.autoconfigure.properties.PropertyMappingContextCustomizer@0, org.springframework.boot.test.autoconfigure.web.servlet.WebDriverContextCustomizerFactory$Customizer@5befbac1, org.springframework.boot.test.context.SpringBootTestArgs@1, org.springframework.boot.test.context.SpringBootTestWebEnvironment@49438269], resourceBasePath = 'src/main/webapp', contextLoader = 'org.springframework.boot.test.context.SpringBootContextLoader', parent = [null]], attributes = map['org.springframework.test.context.web.ServletTestExecutionListener.activateListener' -> true, 'org.springframework.test.context.web.ServletTestExecutionListener.populatedRequestContextHolder' -> true, 'org.springframework.test.context.web.ServletTestExecutionListener.resetRequestContextHolder' -> true, 'org.springframework.test.context.event.ApplicationEventsTestExecutionListener.recordApplicationEvents' -> false]]
]]></system-out>
  </testcase>
  <testcase name="UnitTest_OrderID_Parameter_RequestObject_Not_In_DB" classname="cs.superleague.payment.integration.GetItemsIntegrationTest" time="0.013">
    <error message="Unable to find cs.superleague.shopping.dataclass.Item with id 123456; nested exception is javax.persistence.EntityNotFoundException: Unable to find cs.superleague.shopping.dataclass.Item with id 123456" type="org.springframework.orm.jpa.JpaObjectRetrievalFailureException">org.springframework.orm.jpa.JpaObjectRetrievalFailureException: Unable to find cs.superleague.shopping.dataclass.Item with id 123456; nested exception is javax.persistence.EntityNotFoundException: Unable to find cs.superleague.shopping.dataclass.Item with id 123456
	at cs.superleague.payment.integration.GetItemsIntegrationTest.setUp(GetItemsIntegrationTest.java:77)
Caused by: javax.persistence.EntityNotFoundException: Unable to find cs.superleague.shopping.dataclass.Item with id 123456
	at cs.superleague.payment.integration.GetItemsIntegrationTest.setUp(GetItemsIntegrationTest.java:77)
</error>
    <system-out><![CDATA[2021-08-14 14:29:06.339  INFO 21348 --- [           main] o.s.t.c.transaction.TransactionContext   : Began transaction (1) for test context [DefaultTestContext@6dbdfa38 testClass = GetItemsIntegrationTest, testInstance = cs.superleague.payment.integration.GetItemsIntegrationTest@7020deaa, testMethod = UnitTest_OrderID_Parameter_RequestObject_Not_In_DB@GetItemsIntegrationTest, testException = [null], mergedContextConfiguration = [WebMergedContextConfiguration@7066b8e6 testClass = GetItemsIntegrationTest, locations = '{}', classes = '{class cs.superleague.Application}', contextInitializerClasses = '[]', activeProfiles = '{}', propertySourceLocations = '{}', propertySourceProperties = '{org.springframework.boot.test.context.SpringBootTestContextBootstrapper=true}', contextCustomizers = set[org.springframework.boot.test.context.filter.ExcludeFilterContextCustomizer@2f74900b, org.springframework.boot.test.json.DuplicateJsonObjectContextCustomizerFactory$DuplicateJsonObjectContextCustomizer@27be17c8, org.springframework.boot.test.mock.mockito.MockitoContextCustomizer@0, org.springframework.boot.test.web.client.TestRestTemplateContextCustomizer@47768e74, org.springframework.boot.test.autoconfigure.actuate.metrics.MetricsExportContextCustomizerFactory$DisableMetricExportContextCustomizer@66deec87, org.springframework.boot.test.autoconfigure.properties.PropertyMappingContextCustomizer@0, org.springframework.boot.test.autoconfigure.web.servlet.WebDriverContextCustomizerFactory$Customizer@5befbac1, org.springframework.boot.test.context.SpringBootTestArgs@1, org.springframework.boot.test.context.SpringBootTestWebEnvironment@49438269], resourceBasePath = 'src/main/webapp', contextLoader = 'org.springframework.boot.test.context.SpringBootContextLoader', parent = [null]], attributes = map['org.springframework.test.context.web.ServletTestExecutionListener.activateListener' -> true, 'org.springframework.test.context.web.ServletTestExecutionListener.populatedRequestContextHolder' -> true, 'org.springframework.test.context.web.ServletTestExecutionListener.resetRequestContextHolder' -> true, 'org.springframework.test.context.event.ApplicationEventsTestExecutionListener.recordApplicationEvents' -> false]]; transaction manager [org.springframework.orm.jpa.JpaTransactionManager@22d7e121]; rollback [true]
2021-08-14 14:29:06.344  INFO 21348 --- [           main] o.s.t.c.transaction.TransactionContext   : Rolled back transaction for test: [DefaultTestContext@6dbdfa38 testClass = GetItemsIntegrationTest, testInstance = cs.superleague.payment.integration.GetItemsIntegrationTest@7020deaa, testMethod = UnitTest_OrderID_Parameter_RequestObject_Not_In_DB@GetItemsIntegrationTest, testException = org.springframework.orm.jpa.JpaObjectRetrievalFailureException: Unable to find cs.superleague.shopping.dataclass.Item with id 123456; nested exception is javax.persistence.EntityNotFoundException: Unable to find cs.superleague.shopping.dataclass.Item with id 123456, mergedContextConfiguration = [WebMergedContextConfiguration@7066b8e6 testClass = GetItemsIntegrationTest, locations = '{}', classes = '{class cs.superleague.Application}', contextInitializerClasses = '[]', activeProfiles = '{}', propertySourceLocations = '{}', propertySourceProperties = '{org.springframework.boot.test.context.SpringBootTestContextBootstrapper=true}', contextCustomizers = set[org.springframework.boot.test.context.filter.ExcludeFilterContextCustomizer@2f74900b, org.springframework.boot.test.json.DuplicateJsonObjectContextCustomizerFactory$DuplicateJsonObjectContextCustomizer@27be17c8, org.springframework.boot.test.mock.mockito.MockitoContextCustomizer@0, org.springframework.boot.test.web.client.TestRestTemplateContextCustomizer@47768e74, org.springframework.boot.test.autoconfigure.actuate.metrics.MetricsExportContextCustomizerFactory$DisableMetricExportContextCustomizer@66deec87, org.springframework.boot.test.autoconfigure.properties.PropertyMappingContextCustomizer@0, org.springframework.boot.test.autoconfigure.web.servlet.WebDriverContextCustomizerFactory$Customizer@5befbac1, org.springframework.boot.test.context.SpringBootTestArgs@1, org.springframework.boot.test.context.SpringBootTestWebEnvironment@49438269], resourceBasePath = 'src/main/webapp', contextLoader = 'org.springframework.boot.test.context.SpringBootContextLoader', parent = [null]], attributes = map['org.springframework.test.context.web.ServletTestExecutionListener.activateListener' -> true, 'org.springframework.test.context.web.ServletTestExecutionListener.populatedRequestContextHolder' -> true, 'org.springframework.test.context.web.ServletTestExecutionListener.resetRequestContextHolder' -> true, 'org.springframework.test.context.event.ApplicationEventsTestExecutionListener.recordApplicationEvents' -> false]]
]]></system-out>
  </testcase>
  <testcase name="UnitTest_testingOrderExists" classname="cs.superleague.payment.integration.GetItemsIntegrationTest" time="0.017">
    <error message="Unable to find cs.superleague.shopping.dataclass.Item with id 123456; nested exception is javax.persistence.EntityNotFoundException: Unable to find cs.superleague.shopping.dataclass.Item with id 123456" type="org.springframework.orm.jpa.JpaObjectRetrievalFailureException">org.springframework.orm.jpa.JpaObjectRetrievalFailureException: Unable to find cs.superleague.shopping.dataclass.Item with id 123456; nested exception is javax.persistence.EntityNotFoundException: Unable to find cs.superleague.shopping.dataclass.Item with id 123456
	at cs.superleague.payment.integration.GetItemsIntegrationTest.setUp(GetItemsIntegrationTest.java:77)
Caused by: javax.persistence.EntityNotFoundException: Unable to find cs.superleague.shopping.dataclass.Item with id 123456
	at cs.superleague.payment.integration.GetItemsIntegrationTest.setUp(GetItemsIntegrationTest.java:77)
</error>
    <system-out><![CDATA[2021-08-14 14:29:06.347  INFO 21348 --- [           main] o.s.t.c.transaction.TransactionContext   : Began transaction (1) for test context [DefaultTestContext@6dbdfa38 testClass = GetItemsIntegrationTest, testInstance = cs.superleague.payment.integration.GetItemsIntegrationTest@1b438ec, testMethod = UnitTest_testingOrderExists@GetItemsIntegrationTest, testException = [null], mergedContextConfiguration = [WebMergedContextConfiguration@7066b8e6 testClass = GetItemsIntegrationTest, locations = '{}', classes = '{class cs.superleague.Application}', contextInitializerClasses = '[]', activeProfiles = '{}', propertySourceLocations = '{}', propertySourceProperties = '{org.springframework.boot.test.context.SpringBootTestContextBootstrapper=true}', contextCustomizers = set[org.springframework.boot.test.context.filter.ExcludeFilterContextCustomizer@2f74900b, org.springframework.boot.test.json.DuplicateJsonObjectContextCustomizerFactory$DuplicateJsonObjectContextCustomizer@27be17c8, org.springframework.boot.test.mock.mockito.MockitoContextCustomizer@0, org.springframework.boot.test.web.client.TestRestTemplateContextCustomizer@47768e74, org.springframework.boot.test.autoconfigure.actuate.metrics.MetricsExportContextCustomizerFactory$DisableMetricExportContextCustomizer@66deec87, org.springframework.boot.test.autoconfigure.properties.PropertyMappingContextCustomizer@0, org.springframework.boot.test.autoconfigure.web.servlet.WebDriverContextCustomizerFactory$Customizer@5befbac1, org.springframework.boot.test.context.SpringBootTestArgs@1, org.springframework.boot.test.context.SpringBootTestWebEnvironment@49438269], resourceBasePath = 'src/main/webapp', contextLoader = 'org.springframework.boot.test.context.SpringBootContextLoader', parent = [null]], attributes = map['org.springframework.test.context.web.ServletTestExecutionListener.activateListener' -> true, 'org.springframework.test.context.web.ServletTestExecutionListener.populatedRequestContextHolder' -> true, 'org.springframework.test.context.web.ServletTestExecutionListener.resetRequestContextHolder' -> true, 'org.springframework.test.context.event.ApplicationEventsTestExecutionListener.recordApplicationEvents' -> false]]; transaction manager [org.springframework.orm.jpa.JpaTransactionManager@22d7e121]; rollback [true]
2021-08-14 14:29:06.353  INFO 21348 --- [           main] o.s.t.c.transaction.TransactionContext   : Rolled back transaction for test: [DefaultTestContext@6dbdfa38 testClass = GetItemsIntegrationTest, testInstance = cs.superleague.payment.integration.GetItemsIntegrationTest@1b438ec, testMethod = UnitTest_testingOrderExists@GetItemsIntegrationTest, testException = org.springframework.orm.jpa.JpaObjectRetrievalFailureException: Unable to find cs.superleague.shopping.dataclass.Item with id 123456; nested exception is javax.persistence.EntityNotFoundException: Unable to find cs.superleague.shopping.dataclass.Item with id 123456, mergedContextConfiguration = [WebMergedContextConfiguration@7066b8e6 testClass = GetItemsIntegrationTest, locations = '{}', classes = '{class cs.superleague.Application}', contextInitializerClasses = '[]', activeProfiles = '{}', propertySourceLocations = '{}', propertySourceProperties = '{org.springframework.boot.test.context.SpringBootTestContextBootstrapper=true}', contextCustomizers = set[org.springframework.boot.test.context.filter.ExcludeFilterContextCustomizer@2f74900b, org.springframework.boot.test.json.DuplicateJsonObjectContextCustomizerFactory$DuplicateJsonObjectContextCustomizer@27be17c8, org.springframework.boot.test.mock.mockito.MockitoContextCustomizer@0, org.springframework.boot.test.web.client.TestRestTemplateContextCustomizer@47768e74, org.springframework.boot.test.autoconfigure.actuate.metrics.MetricsExportContextCustomizerFactory$DisableMetricExportContextCustomizer@66deec87, org.springframework.boot.test.autoconfigure.properties.PropertyMappingContextCustomizer@0, org.springframework.boot.test.autoconfigure.web.servlet.WebDriverContextCustomizerFactory$Customizer@5befbac1, org.springframework.boot.test.context.SpringBootTestArgs@1, org.springframework.boot.test.context.SpringBootTestWebEnvironment@49438269], resourceBasePath = 'src/main/webapp', contextLoader = 'org.springframework.boot.test.context.SpringBootContextLoader', parent = [null]], attributes = map['org.springframework.test.context.web.ServletTestExecutionListener.activateListener' -> true, 'org.springframework.test.context.web.ServletTestExecutionListener.populatedRequestContextHolder' -> true, 'org.springframework.test.context.web.ServletTestExecutionListener.resetRequestContextHolder' -> true, 'org.springframework.test.context.event.ApplicationEventsTestExecutionListener.recordApplicationEvents' -> false]]
]]></system-out>
  </testcase>
</testsuite>