<?xml version="1.0" encoding="UTF-8"?>
<testsuite xmlns:xsi="http://www.w3.org/2001/XMLSchema-instance" xsi:noNamespaceSchemaLocation="https://maven.apache.org/surefire/maven-surefire-plugin/xsd/surefire-test-report.xsd" name="cs.superleague.payment.integration.GetItemsIntegrationTest" time="0.082" tests="4" errors="4" skipped="0" failures="0">
  <properties>
[...]
</properties>
  <testcase name="UnitTest_testingNull_OrderID_Parameter_RequestObject" classname="cs.superleague.payment.integration.GetItemsIntegrationTest" time="0.019">
    <error message="Unable to find cs.superleague.shopping.dataclass.Item with id 123456; nested exception is javax.persistence.EntityNotFoundException: Unable to find cs.superleague.shopping.dataclass.Item with id 123456" type="org.springframework.orm.jpa.JpaObjectRetrievalFailureException">org.springframework.orm.jpa.JpaObjectRetrievalFailureException: Unable to find cs.superleague.shopping.dataclass.Item with id 123456; nested exception is javax.persistence.EntityNotFoundException: Unable to find cs.superleague.shopping.dataclass.Item with id 123456
	at cs.superleague.payment.integration.GetItemsIntegrationTest.setUp(GetItemsIntegrationTest.java:77)
Caused by: javax.persistence.EntityNotFoundException: Unable to find cs.superleague.shopping.dataclass.Item with id 123456
	at cs.superleague.payment.integration.GetItemsIntegrationTest.setUp(GetItemsIntegrationTest.java:77)
</error>
    <system-out><![CDATA[2021-08-14 16:08:07.692  INFO 6400 --- [           main] .b.t.c.SpringBootTestContextBootstrapper : Neither @ContextConfiguration nor @ContextHierarchy found for test class [cs.superleague.payment.integration.GetItemsIntegrationTest], using SpringBootContextLoader
2021-08-14 16:08:07.693  INFO 6400 --- [           main] o.s.t.c.support.AbstractContextLoader    : Could not detect default resource locations for test class [cs.superleague.payment.integration.GetItemsIntegrationTest]: no resource found for suffixes {-context.xml, Context.groovy}.
2021-08-14 16:08:07.693  INFO 6400 --- [           main] t.c.s.AnnotationConfigContextLoaderUtils : Could not detect default configuration classes for test class [cs.superleague.payment.integration.GetItemsIntegrationTest]: GetItemsIntegrationTest does not declare any static, non-private, non-final, nested classes annotated with @Configuration.
2021-08-14 16:08:07.695  INFO 6400 --- [           main] .b.t.c.SpringBootTestContextBootstrapper : Found @SpringBootConfiguration cs.superleague.Application for test class cs.superleague.payment.integration.GetItemsIntegrationTest
2021-08-14 16:08:07.697  INFO 6400 --- [           main] .b.t.c.SpringBootTestContextBootstrapper : Loaded default TestExecutionListener class names from location [META-INF/spring.factories]: [org.springframework.boot.test.mock.mockito.MockitoTestExecutionListener, org.springframework.boot.test.mock.mockito.ResetMocksTestExecutionListener, org.springframework.boot.test.autoconfigure.restdocs.RestDocsTestExecutionListener, org.springframework.boot.test.autoconfigure.web.client.MockRestServiceServerResetTestExecutionListener, org.springframework.boot.test.autoconfigure.web.servlet.MockMvcPrintOnlyOnFailureTestExecutionListener, org.springframework.boot.test.autoconfigure.web.servlet.WebDriverTestExecutionListener, org.springframework.boot.test.autoconfigure.webservices.client.MockWebServiceServerTestExecutionListener, org.springframework.test.context.web.ServletTestExecutionListener, org.springframework.test.context.support.DirtiesContextBeforeModesTestExecutionListener, org.springframework.test.context.event.ApplicationEventsTestExecutionListener, org.springframework.test.context.support.DependencyInjectionTestExecutionListener, org.springframework.test.context.support.DirtiesContextTestExecutionListener, org.springframework.test.context.transaction.TransactionalTestExecutionListener, org.springframework.test.context.jdbc.SqlScriptsTestExecutionListener, org.springframework.test.context.event.EventPublishingTestExecutionListener]
2021-08-14 16:08:07.697  INFO 6400 --- [           main] .b.t.c.SpringBootTestContextBootstrapper : Using TestExecutionListeners: [org.springframework.test.context.web.ServletTestExecutionListener@3ce7a0d1, org.springframework.test.context.support.DirtiesContextBeforeModesTestExecutionListener@2c9ecf5, org.springframework.test.context.event.ApplicationEventsTestExecutionListener@1368a7d9, org.springframework.boot.test.mock.mockito.MockitoTestExecutionListener@30e67f98, org.springframework.boot.test.autoconfigure.SpringBootDependencyInjectionTestExecutionListener@3186b07d, org.springframework.test.context.support.DirtiesContextTestExecutionListener@7c654cfc, org.springframework.test.context.transaction.TransactionalTestExecutionListener@2ae56ac6, org.springframework.test.context.jdbc.SqlScriptsTestExecutionListener@29fccabd, org.springframework.test.context.event.EventPublishingTestExecutionListener@2d7d92a7, org.springframework.boot.test.mock.mockito.ResetMocksTestExecutionListener@7ba92958, org.springframework.boot.test.autoconfigure.restdocs.RestDocsTestExecutionListener@7a1bcfb1, org.springframework.boot.test.autoconfigure.web.client.MockRestServiceServerResetTestExecutionListener@357d4b6d, org.springframework.boot.test.autoconfigure.web.servlet.MockMvcPrintOnlyOnFailureTestExecutionListener@74d41fcf, org.springframework.boot.test.autoconfigure.web.servlet.WebDriverTestExecutionListener@46050be4, org.springframework.boot.test.autoconfigure.webservices.client.MockWebServiceServerTestExecutionListener@62c732d2]
2021-08-14 16:08:07.701  INFO 6400 --- [           main] o.s.t.c.transaction.TransactionContext   : Began transaction (1) for test context [DefaultTestContext@7740d2c testClass = GetItemsIntegrationTest, testInstance = cs.superleague.payment.integration.GetItemsIntegrationTest@5c7eeeb2, testMethod = UnitTest_testingNull_OrderID_Parameter_RequestObject@GetItemsIntegrationTest, testException = [null], mergedContextConfiguration = [WebMergedContextConfiguration@10d28ee2 testClass = GetItemsIntegrationTest, locations = '{}', classes = '{class cs.superleague.Application}', contextInitializerClasses = '[]', activeProfiles = '{}', propertySourceLocations = '{}', propertySourceProperties = '{org.springframework.boot.test.context.SpringBootTestContextBootstrapper=true}', contextCustomizers = set[org.springframework.boot.test.context.filter.ExcludeFilterContextCustomizer@2a43e0ac, org.springframework.boot.test.json.DuplicateJsonObjectContextCustomizerFactory$DuplicateJsonObjectContextCustomizer@1084f78c, org.springframework.boot.test.mock.mockito.MockitoContextCustomizer@0, org.springframework.boot.test.web.client.TestRestTemplateContextCustomizer@3664f108, org.springframework.boot.test.autoconfigure.actuate.metrics.MetricsExportContextCustomizerFactory$DisableMetricExportContextCustomizer@2c991465, org.springframework.boot.test.autoconfigure.properties.PropertyMappingContextCustomizer@0, org.springframework.boot.test.autoconfigure.web.servlet.WebDriverContextCustomizerFactory$Customizer@3a4ab7f7, org.springframework.boot.test.context.SpringBootTestArgs@1, org.springframework.boot.test.context.SpringBootTestWebEnvironment@49438269], resourceBasePath = 'src/main/webapp', contextLoader = 'org.springframework.boot.test.context.SpringBootContextLoader', parent = [null]], attributes = map['org.springframework.test.context.web.ServletTestExecutionListener.activateListener' -> true, 'org.springframework.test.context.web.ServletTestExecutionListener.populatedRequestContextHolder' -> true, 'org.springframework.test.context.web.ServletTestExecutionListener.resetRequestContextHolder' -> true, 'org.springframework.test.context.event.ApplicationEventsTestExecutionListener.recordApplicationEvents' -> false]]; transaction manager [org.springframework.orm.jpa.JpaTransactionManager@61140895]; rollback [true]
2021-08-14 16:08:07.714  INFO 6400 --- [           main] o.s.t.c.transaction.TransactionContext   : Rolled back transaction for test: [DefaultTestContext@7740d2c testClass = GetItemsIntegrationTest, testInstance = cs.superleague.payment.integration.GetItemsIntegrationTest@5c7eeeb2, testMethod = UnitTest_testingNull_OrderID_Parameter_RequestObject@GetItemsIntegrationTest, testException = org.springframework.orm.jpa.JpaObjectRetrievalFailureException: Unable to find cs.superleague.shopping.dataclass.Item with id 123456; nested exception is javax.persistence.EntityNotFoundException: Unable to find cs.superleague.shopping.dataclass.Item with id 123456, mergedContextConfiguration = [WebMergedContextConfiguration@10d28ee2 testClass = GetItemsIntegrationTest, locations = '{}', classes = '{class cs.superleague.Application}', contextInitializerClasses = '[]', activeProfiles = '{}', propertySourceLocations = '{}', propertySourceProperties = '{org.springframework.boot.test.context.SpringBootTestContextBootstrapper=true}', contextCustomizers = set[org.springframework.boot.test.context.filter.ExcludeFilterContextCustomizer@2a43e0ac, org.springframework.boot.test.json.DuplicateJsonObjectContextCustomizerFactory$DuplicateJsonObjectContextCustomizer@1084f78c, org.springframework.boot.test.mock.mockito.MockitoContextCustomizer@0, org.springframework.boot.test.web.client.TestRestTemplateContextCustomizer@3664f108, org.springframework.boot.test.autoconfigure.actuate.metrics.MetricsExportContextCustomizerFactory$DisableMetricExportContextCustomizer@2c991465, org.springframework.boot.test.autoconfigure.properties.PropertyMappingContextCustomizer@0, org.springframework.boot.test.autoconfigure.web.servlet.WebDriverContextCustomizerFactory$Customizer@3a4ab7f7, org.springframework.boot.test.context.SpringBootTestArgs@1, org.springframework.boot.test.context.SpringBootTestWebEnvironment@49438269], resourceBasePath = 'src/main/webapp', contextLoader = 'org.springframework.boot.test.context.SpringBootContextLoader', parent = [null]], attributes = map['org.springframework.test.context.web.ServletTestExecutionListener.activateListener' -> true, 'org.springframework.test.context.web.ServletTestExecutionListener.populatedRequestContextHolder' -> true, 'org.springframework.test.context.web.ServletTestExecutionListener.resetRequestContextHolder' -> true, 'org.springframework.test.context.event.ApplicationEventsTestExecutionListener.recordApplicationEvents' -> false]]
]]></system-out>
  </testcase>
  <testcase name="UnitTest_testingNullRequestObject" classname="cs.superleague.payment.integration.GetItemsIntegrationTest" time="0.024">
    <error message="Unable to find cs.superleague.shopping.dataclass.Item with id 123456; nested exception is javax.persistence.EntityNotFoundException: Unable to find cs.superleague.shopping.dataclass.Item with id 123456" type="org.springframework.orm.jpa.JpaObjectRetrievalFailureException">org.springframework.orm.jpa.JpaObjectRetrievalFailureException: Unable to find cs.superleague.shopping.dataclass.Item with id 123456; nested exception is javax.persistence.EntityNotFoundException: Unable to find cs.superleague.shopping.dataclass.Item with id 123456
	at cs.superleague.payment.integration.GetItemsIntegrationTest.setUp(GetItemsIntegrationTest.java:77)
Caused by: javax.persistence.EntityNotFoundException: Unable to find cs.superleague.shopping.dataclass.Item with id 123456
	at cs.superleague.payment.integration.GetItemsIntegrationTest.setUp(GetItemsIntegrationTest.java:77)
</error>
    <system-out><![CDATA[2021-08-14 16:08:07.731  INFO 6400 --- [           main] o.s.t.c.transaction.TransactionContext   : Began transaction (1) for test context [DefaultTestContext@7740d2c testClass = GetItemsIntegrationTest, testInstance = cs.superleague.payment.integration.GetItemsIntegrationTest@1d35dcd4, testMethod = UnitTest_testingNullRequestObject@GetItemsIntegrationTest, testException = [null], mergedContextConfiguration = [WebMergedContextConfiguration@10d28ee2 testClass = GetItemsIntegrationTest, locations = '{}', classes = '{class cs.superleague.Application}', contextInitializerClasses = '[]', activeProfiles = '{}', propertySourceLocations = '{}', propertySourceProperties = '{org.springframework.boot.test.context.SpringBootTestContextBootstrapper=true}', contextCustomizers = set[org.springframework.boot.test.context.filter.ExcludeFilterContextCustomizer@2a43e0ac, org.springframework.boot.test.json.DuplicateJsonObjectContextCustomizerFactory$DuplicateJsonObjectContextCustomizer@1084f78c, org.springframework.boot.test.mock.mockito.MockitoContextCustomizer@0, org.springframework.boot.test.web.client.TestRestTemplateContextCustomizer@3664f108, org.springframework.boot.test.autoconfigure.actuate.metrics.MetricsExportContextCustomizerFactory$DisableMetricExportContextCustomizer@2c991465, org.springframework.boot.test.autoconfigure.properties.PropertyMappingContextCustomizer@0, org.springframework.boot.test.autoconfigure.web.servlet.WebDriverContextCustomizerFactory$Customizer@3a4ab7f7, org.springframework.boot.test.context.SpringBootTestArgs@1, org.springframework.boot.test.context.SpringBootTestWebEnvironment@49438269], resourceBasePath = 'src/main/webapp', contextLoader = 'org.springframework.boot.test.context.SpringBootContextLoader', parent = [null]], attributes = map['org.springframework.test.context.web.ServletTestExecutionListener.activateListener' -> true, 'org.springframework.test.context.web.ServletTestExecutionListener.populatedRequestContextHolder' -> true, 'org.springframework.test.context.web.ServletTestExecutionListener.resetRequestContextHolder' -> true, 'org.springframework.test.context.event.ApplicationEventsTestExecutionListener.recordApplicationEvents' -> false]]; transaction manager [org.springframework.orm.jpa.JpaTransactionManager@61140895]; rollback [true]
2021-08-14 16:08:07.745  INFO 6400 --- [           main] o.s.t.c.transaction.TransactionContext   : Rolled back transaction for test: [DefaultTestContext@7740d2c testClass = GetItemsIntegrationTest, testInstance = cs.superleague.payment.integration.GetItemsIntegrationTest@1d35dcd4, testMethod = UnitTest_testingNullRequestObject@GetItemsIntegrationTest, testException = org.springframework.orm.jpa.JpaObjectRetrievalFailureException: Unable to find cs.superleague.shopping.dataclass.Item with id 123456; nested exception is javax.persistence.EntityNotFoundException: Unable to find cs.superleague.shopping.dataclass.Item with id 123456, mergedContextConfiguration = [WebMergedContextConfiguration@10d28ee2 testClass = GetItemsIntegrationTest, locations = '{}', classes = '{class cs.superleague.Application}', contextInitializerClasses = '[]', activeProfiles = '{}', propertySourceLocations = '{}', propertySourceProperties = '{org.springframework.boot.test.context.SpringBootTestContextBootstrapper=true}', contextCustomizers = set[org.springframework.boot.test.context.filter.ExcludeFilterContextCustomizer@2a43e0ac, org.springframework.boot.test.json.DuplicateJsonObjectContextCustomizerFactory$DuplicateJsonObjectContextCustomizer@1084f78c, org.springframework.boot.test.mock.mockito.MockitoContextCustomizer@0, org.springframework.boot.test.web.client.TestRestTemplateContextCustomizer@3664f108, org.springframework.boot.test.autoconfigure.actuate.metrics.MetricsExportContextCustomizerFactory$DisableMetricExportContextCustomizer@2c991465, org.springframework.boot.test.autoconfigure.properties.PropertyMappingContextCustomizer@0, org.springframework.boot.test.autoconfigure.web.servlet.WebDriverContextCustomizerFactory$Customizer@3a4ab7f7, org.springframework.boot.test.context.SpringBootTestArgs@1, org.springframework.boot.test.context.SpringBootTestWebEnvironment@49438269], resourceBasePath = 'src/main/webapp', contextLoader = 'org.springframework.boot.test.context.SpringBootContextLoader', parent = [null]], attributes = map['org.springframework.test.context.web.ServletTestExecutionListener.activateListener' -> true, 'org.springframework.test.context.web.ServletTestExecutionListener.populatedRequestContextHolder' -> true, 'org.springframework.test.context.web.ServletTestExecutionListener.resetRequestContextHolder' -> true, 'org.springframework.test.context.event.ApplicationEventsTestExecutionListener.recordApplicationEvents' -> false]]
]]></system-out>
  </testcase>
  <testcase name="UnitTest_OrderID_Parameter_RequestObject_Not_In_DB" classname="cs.superleague.payment.integration.GetItemsIntegrationTest" time="0.015">
    <error message="Unable to find cs.superleague.shopping.dataclass.Item with id 123456; nested exception is javax.persistence.EntityNotFoundException: Unable to find cs.superleague.shopping.dataclass.Item with id 123456" type="org.springframework.orm.jpa.JpaObjectRetrievalFailureException">org.springframework.orm.jpa.JpaObjectRetrievalFailureException: Unable to find cs.superleague.shopping.dataclass.Item with id 123456; nested exception is javax.persistence.EntityNotFoundException: Unable to find cs.superleague.shopping.dataclass.Item with id 123456
	at cs.superleague.payment.integration.GetItemsIntegrationTest.setUp(GetItemsIntegrationTest.java:77)
Caused by: javax.persistence.EntityNotFoundException: Unable to find cs.superleague.shopping.dataclass.Item with id 123456
	at cs.superleague.payment.integration.GetItemsIntegrationTest.setUp(GetItemsIntegrationTest.java:77)
</error>
    <system-out><![CDATA[2021-08-14 16:08:07.749  INFO 6400 --- [           main] o.s.t.c.transaction.TransactionContext   : Began transaction (1) for test context [DefaultTestContext@7740d2c testClass = GetItemsIntegrationTest, testInstance = cs.superleague.payment.integration.GetItemsIntegrationTest@7f3964b0, testMethod = UnitTest_OrderID_Parameter_RequestObject_Not_In_DB@GetItemsIntegrationTest, testException = [null], mergedContextConfiguration = [WebMergedContextConfiguration@10d28ee2 testClass = GetItemsIntegrationTest, locations = '{}', classes = '{class cs.superleague.Application}', contextInitializerClasses = '[]', activeProfiles = '{}', propertySourceLocations = '{}', propertySourceProperties = '{org.springframework.boot.test.context.SpringBootTestContextBootstrapper=true}', contextCustomizers = set[org.springframework.boot.test.context.filter.ExcludeFilterContextCustomizer@2a43e0ac, org.springframework.boot.test.json.DuplicateJsonObjectContextCustomizerFactory$DuplicateJsonObjectContextCustomizer@1084f78c, org.springframework.boot.test.mock.mockito.MockitoContextCustomizer@0, org.springframework.boot.test.web.client.TestRestTemplateContextCustomizer@3664f108, org.springframework.boot.test.autoconfigure.actuate.metrics.MetricsExportContextCustomizerFactory$DisableMetricExportContextCustomizer@2c991465, org.springframework.boot.test.autoconfigure.properties.PropertyMappingContextCustomizer@0, org.springframework.boot.test.autoconfigure.web.servlet.WebDriverContextCustomizerFactory$Customizer@3a4ab7f7, org.springframework.boot.test.context.SpringBootTestArgs@1, org.springframework.boot.test.context.SpringBootTestWebEnvironment@49438269], resourceBasePath = 'src/main/webapp', contextLoader = 'org.springframework.boot.test.context.SpringBootContextLoader', parent = [null]], attributes = map['org.springframework.test.context.web.ServletTestExecutionListener.activateListener' -> true, 'org.springframework.test.context.web.ServletTestExecutionListener.populatedRequestContextHolder' -> true, 'org.springframework.test.context.web.ServletTestExecutionListener.resetRequestContextHolder' -> true, 'org.springframework.test.context.event.ApplicationEventsTestExecutionListener.recordApplicationEvents' -> false]]; transaction manager [org.springframework.orm.jpa.JpaTransactionManager@61140895]; rollback [true]
2021-08-14 16:08:07.759  INFO 6400 --- [           main] o.s.t.c.transaction.TransactionContext   : Rolled back transaction for test: [DefaultTestContext@7740d2c testClass = GetItemsIntegrationTest, testInstance = cs.superleague.payment.integration.GetItemsIntegrationTest@7f3964b0, testMethod = UnitTest_OrderID_Parameter_RequestObject_Not_In_DB@GetItemsIntegrationTest, testException = org.springframework.orm.jpa.JpaObjectRetrievalFailureException: Unable to find cs.superleague.shopping.dataclass.Item with id 123456; nested exception is javax.persistence.EntityNotFoundException: Unable to find cs.superleague.shopping.dataclass.Item with id 123456, mergedContextConfiguration = [WebMergedContextConfiguration@10d28ee2 testClass = GetItemsIntegrationTest, locations = '{}', classes = '{class cs.superleague.Application}', contextInitializerClasses = '[]', activeProfiles = '{}', propertySourceLocations = '{}', propertySourceProperties = '{org.springframework.boot.test.context.SpringBootTestContextBootstrapper=true}', contextCustomizers = set[org.springframework.boot.test.context.filter.ExcludeFilterContextCustomizer@2a43e0ac, org.springframework.boot.test.json.DuplicateJsonObjectContextCustomizerFactory$DuplicateJsonObjectContextCustomizer@1084f78c, org.springframework.boot.test.mock.mockito.MockitoContextCustomizer@0, org.springframework.boot.test.web.client.TestRestTemplateContextCustomizer@3664f108, org.springframework.boot.test.autoconfigure.actuate.metrics.MetricsExportContextCustomizerFactory$DisableMetricExportContextCustomizer@2c991465, org.springframework.boot.test.autoconfigure.properties.PropertyMappingContextCustomizer@0, org.springframework.boot.test.autoconfigure.web.servlet.WebDriverContextCustomizerFactory$Customizer@3a4ab7f7, org.springframework.boot.test.context.SpringBootTestArgs@1, org.springframework.boot.test.context.SpringBootTestWebEnvironment@49438269], resourceBasePath = 'src/main/webapp', contextLoader = 'org.springframework.boot.test.context.SpringBootContextLoader', parent = [null]], attributes = map['org.springframework.test.context.web.ServletTestExecutionListener.activateListener' -> true, 'org.springframework.test.context.web.ServletTestExecutionListener.populatedRequestContextHolder' -> true, 'org.springframework.test.context.web.ServletTestExecutionListener.resetRequestContextHolder' -> true, 'org.springframework.test.context.event.ApplicationEventsTestExecutionListener.recordApplicationEvents' -> false]]
]]></system-out>
  </testcase>
  <testcase name="UnitTest_testingOrderExists" classname="cs.superleague.payment.integration.GetItemsIntegrationTest" time="0.013">
    <error message="Unable to find cs.superleague.shopping.dataclass.Item with id 123456; nested exception is javax.persistence.EntityNotFoundException: Unable to find cs.superleague.shopping.dataclass.Item with id 123456" type="org.springframework.orm.jpa.JpaObjectRetrievalFailureException">org.springframework.orm.jpa.JpaObjectRetrievalFailureException: Unable to find cs.superleague.shopping.dataclass.Item with id 123456; nested exception is javax.persistence.EntityNotFoundException: Unable to find cs.superleague.shopping.dataclass.Item with id 123456
	at cs.superleague.payment.integration.GetItemsIntegrationTest.setUp(GetItemsIntegrationTest.java:77)
Caused by: javax.persistence.EntityNotFoundException: Unable to find cs.superleague.shopping.dataclass.Item with id 123456
	at cs.superleague.payment.integration.GetItemsIntegrationTest.setUp(GetItemsIntegrationTest.java:77)
</error>
    <system-out><![CDATA[2021-08-14 16:08:07.761  INFO 6400 --- [           main] o.s.t.c.transaction.TransactionContext   : Began transaction (1) for test context [DefaultTestContext@7740d2c testClass = GetItemsIntegrationTest, testInstance = cs.superleague.payment.integration.GetItemsIntegrationTest@64123c4d, testMethod = UnitTest_testingOrderExists@GetItemsIntegrationTest, testException = [null], mergedContextConfiguration = [WebMergedContextConfiguration@10d28ee2 testClass = GetItemsIntegrationTest, locations = '{}', classes = '{class cs.superleague.Application}', contextInitializerClasses = '[]', activeProfiles = '{}', propertySourceLocations = '{}', propertySourceProperties = '{org.springframework.boot.test.context.SpringBootTestContextBootstrapper=true}', contextCustomizers = set[org.springframework.boot.test.context.filter.ExcludeFilterContextCustomizer@2a43e0ac, org.springframework.boot.test.json.DuplicateJsonObjectContextCustomizerFactory$DuplicateJsonObjectContextCustomizer@1084f78c, org.springframework.boot.test.mock.mockito.MockitoContextCustomizer@0, org.springframework.boot.test.web.client.TestRestTemplateContextCustomizer@3664f108, org.springframework.boot.test.autoconfigure.actuate.metrics.MetricsExportContextCustomizerFactory$DisableMetricExportContextCustomizer@2c991465, org.springframework.boot.test.autoconfigure.properties.PropertyMappingContextCustomizer@0, org.springframework.boot.test.autoconfigure.web.servlet.WebDriverContextCustomizerFactory$Customizer@3a4ab7f7, org.springframework.boot.test.context.SpringBootTestArgs@1, org.springframework.boot.test.context.SpringBootTestWebEnvironment@49438269], resourceBasePath = 'src/main/webapp', contextLoader = 'org.springframework.boot.test.context.SpringBootContextLoader', parent = [null]], attributes = map['org.springframework.test.context.web.ServletTestExecutionListener.activateListener' -> true, 'org.springframework.test.context.web.ServletTestExecutionListener.populatedRequestContextHolder' -> true, 'org.springframework.test.context.web.ServletTestExecutionListener.resetRequestContextHolder' -> true, 'org.springframework.test.context.event.ApplicationEventsTestExecutionListener.recordApplicationEvents' -> false]]; transaction manager [org.springframework.orm.jpa.JpaTransactionManager@61140895]; rollback [true]
2021-08-14 16:08:07.771  INFO 6400 --- [           main] o.s.t.c.transaction.TransactionContext   : Rolled back transaction for test: [DefaultTestContext@7740d2c testClass = GetItemsIntegrationTest, testInstance = cs.superleague.payment.integration.GetItemsIntegrationTest@64123c4d, testMethod = UnitTest_testingOrderExists@GetItemsIntegrationTest, testException = org.springframework.orm.jpa.JpaObjectRetrievalFailureException: Unable to find cs.superleague.shopping.dataclass.Item with id 123456; nested exception is javax.persistence.EntityNotFoundException: Unable to find cs.superleague.shopping.dataclass.Item with id 123456, mergedContextConfiguration = [WebMergedContextConfiguration@10d28ee2 testClass = GetItemsIntegrationTest, locations = '{}', classes = '{class cs.superleague.Application}', contextInitializerClasses = '[]', activeProfiles = '{}', propertySourceLocations = '{}', propertySourceProperties = '{org.springframework.boot.test.context.SpringBootTestContextBootstrapper=true}', contextCustomizers = set[org.springframework.boot.test.context.filter.ExcludeFilterContextCustomizer@2a43e0ac, org.springframework.boot.test.json.DuplicateJsonObjectContextCustomizerFactory$DuplicateJsonObjectContextCustomizer@1084f78c, org.springframework.boot.test.mock.mockito.MockitoContextCustomizer@0, org.springframework.boot.test.web.client.TestRestTemplateContextCustomizer@3664f108, org.springframework.boot.test.autoconfigure.actuate.metrics.MetricsExportContextCustomizerFactory$DisableMetricExportContextCustomizer@2c991465, org.springframework.boot.test.autoconfigure.properties.PropertyMappingContextCustomizer@0, org.springframework.boot.test.autoconfigure.web.servlet.WebDriverContextCustomizerFactory$Customizer@3a4ab7f7, org.springframework.boot.test.context.SpringBootTestArgs@1, org.springframework.boot.test.context.SpringBootTestWebEnvironment@49438269], resourceBasePath = 'src/main/webapp', contextLoader = 'org.springframework.boot.test.context.SpringBootContextLoader', parent = [null]], attributes = map['org.springframework.test.context.web.ServletTestExecutionListener.activateListener' -> true, 'org.springframework.test.context.web.ServletTestExecutionListener.populatedRequestContextHolder' -> true, 'org.springframework.test.context.web.ServletTestExecutionListener.resetRequestContextHolder' -> true, 'org.springframework.test.context.event.ApplicationEventsTestExecutionListener.recordApplicationEvents' -> false]]
]]></system-out>
  </testcase>
</testsuite>