<?xml version="1.0" encoding="UTF-8"?>
<testsuite xmlns:xsi="http://www.w3.org/2001/XMLSchema-instance" xsi:noNamespaceSchemaLocation="https://maven.apache.org/surefire/maven-surefire-plugin/xsd/surefire-test-report.xsd" name="cs.superleague.shopping.integration.GetStoresIntegrationTest" time="0.102" tests="4" errors="0" skipped="0" failures="0">
  <properties>
[...]
</properties>
  <testcase name="IntegrationTest_Stores_dont_exist" classname="cs.superleague.shopping.integration.GetStoresIntegrationTest" time="0.021"/>
  <testcase name="IntegrationTest_GetStoreRequestConstruction" classname="cs.superleague.shopping.integration.GetStoresIntegrationTest" time="0.024"/>
  <testcase name="IntegrationTest_GetStoreNullRequestObject" classname="cs.superleague.shopping.integration.GetStoresIntegrationTest" time="0.023"/>
  <testcase name="IntegrationTest_Stores_exist_fetching_store" classname="cs.superleague.shopping.integration.GetStoresIntegrationTest" time="0.017"/>
</testsuite>